0 0 r 2 0 1 
0 0 g 2 0 1 
0 0 b 2 0 1 
0 1 r 2 1 1 
0 1 g 2 0 2 
0 1 b 2 0 2 
0 2 r 2 0 2 
0 2 g 2 1 2 
0 2 b 2 0 3 
1 0 r 2 0 3 
1 0 g 2 0 3 
1 0 b 2 1 3 
1 2 r 2 0 4 
1 2 g 2 0 4 
1 2 b 2 0 4 
2 0 r 2 1 4 
2 0 g 2 0 5 
2 0 b 2 0 5 
2 1 r 2 0 5 
2 1 g 2 1 5 
2 1 b 2 0 6 
2 2 r 2 0 6 
2 2 g 2 0 6 
2 2 b 2 1 6 
0 3 r 2 0 7 
0 3 g 2 0 7 
0 3 b 2 0 7 
0 4 r 2 1 7 
0 4 g 2 0 8 
0 4 b 2 0 8 
0 5 r 2 0 8 
0 5 g 2 1 8 
0 5 b 2 0 9 
1 3 r 2 0 9 
1 3 g 2 0 9 
1 3 b 2 1 9 
1 5 r 2 0 10 
1 5 g 2 0 10 
1 5 b 2 0 10 
2 3 r 2 1 10 
2 3 g 2 0 11 
2 3 b 2 0 11 
2 4 r 2 0 11 
2 4 g 2 1 11 
2 4 b 2 0 12 
2 5 r 2 0 12 
